Copyright 1986-2018 Xilinx, Inc. All Rights Reserved.
------------------------------------------------------------------------------------------
| Tool Version : Vivado v.2018.2 (win64) Build 2258646 Thu Jun 14 20:03:12 MDT 2018
| Date         : Wed Jul 27 14:24:33 2022
| Host         : PV-nRT running 64-bit major release  (build 9200)
| Command      : report_control_sets -verbose -file Nanoprocessor_control_sets_placed.rpt
| Design       : Nanoprocessor
| Device       : xc7a35t
------------------------------------------------------------------------------------------

Control Set Information

Table of Contents
-----------------
1. Summary
2. Histogram
3. Flip-Flop Distribution
4. Detailed Control Set Information

1. Summary
----------

+----------------------------------------------------------+-------+
|                          Status                          | Count |
+----------------------------------------------------------+-------+
| Number of unique control sets                            |     7 |
| Unused register locations in slices containing registers |    10 |
+----------------------------------------------------------+-------+


2. Histogram
------------

+--------+--------------+
| Fanout | Control Sets |
+--------+--------------+
|      6 |            2 |
|      8 |            3 |
|     12 |            1 |
|    16+ |            1 |
+--------+--------------+


3. Flip-Flop Distribution
-------------------------

+--------------+-----------------------+------------------------+-----------------+--------------+
| Clock Enable | Synchronous Set/Reset | Asynchronous Set/Reset | Total Registers | Total Slices |
+--------------+-----------------------+------------------------+-----------------+--------------+
| No           | No                    | No                     |              12 |            3 |
| No           | No                    | Yes                    |               0 |            0 |
| No           | Yes                   | No                     |              62 |            8 |
| Yes          | No                    | No                     |               0 |            0 |
| Yes          | No                    | Yes                    |               0 |            0 |
| Yes          | Yes                   | No                     |              36 |           10 |
+--------------+-----------------------+------------------------+-----------------+--------------+


4. Detailed Control Set Information
-----------------------------------

+------------------+-------------------------------------+------------------------------+------------------+----------------+
|   Clock Signal   |            Enable Signal            |       Set/Reset Signal       | Slice Load Count | Bel Load Count |
+------------------+-------------------------------------+------------------------------+------------------+----------------+
|  slow_clk_0/CLK  |                                     |                              |                1 |              6 |
|  Clock_IBUF_BUFG |                                     |                              |                2 |              6 |
|  slow_clk_0/CLK  | program_counter/reg_0/Q_reg[0]_1[0] | Reset_IBUF                   |                3 |              8 |
|  slow_clk_0/CLK  | program_counter/reg_0/Q_reg[3][0]   | Reset_IBUF                   |                3 |              8 |
|  slow_clk_0/CLK  | program_counter/reg_0/Q_reg[3]_0[0] | Reset_IBUF                   |                2 |              8 |
|  slow_clk_0/CLK  | program_counter/reg_0/E[0]          | Reset_IBUF                   |                2 |             12 |
|  Clock_IBUF_BUFG |                                     | slow_clk_0/count[31]_i_1_n_0 |                8 |             62 |
+------------------+-------------------------------------+------------------------------+------------------+----------------+


